-------------------------------------------------------------------------------
Test set: runners.RunnerClass
-------------------------------------------------------------------------------
Tests run: 2, Failures: 0, Errors: 2, Skipped: 0, Time elapsed: 10.483 s <<< FAILURE! - in runners.RunnerClass
This feature covers all the API related scenarios.Adding an employee  Time elapsed: 5.751 s  <<< ERROR!
io.cucumber.junit.UndefinedStepException: 
The step "a JWT is generated" is undefined. You can implement it using the snippet(s) below:

@Given("a JWT is generated")
public void a_jwt_is_generated() {
    // Write code here that turns the phrase above into concrete actions
    throw new io.cucumber.java.PendingException();
}


Some other steps were also undefined:

@Given("a request is prepared to create an employee")
public void a_request_is_prepared_to_create_an_employee() {
    // Write code here that turns the phrase above into concrete actions
    throw new io.cucumber.java.PendingException();
}
@When("a POST call is made to create an employee")
public void a_post_call_is_made_to_create_an_employee() {
    // Write code here that turns the phrase above into concrete actions
    throw new io.cucumber.java.PendingException();
}
@Then("the status code for the created employee is {int}")
public void the_status_code_for_the_created_employee_is(Integer int1) {
    // Write code here that turns the phrase above into concrete actions
    throw new io.cucumber.java.PendingException();
}
@Then("the employee created contains key {string} and value {string}")
public void the_employee_created_contains_key_and_value(String string, String string2) {
    // Write code here that turns the phrase above into concrete actions
    throw new io.cucumber.java.PendingException();
}
@Then("the employee id {string} is stored as a global variable to be used for other calls")
public void the_employee_id_is_stored_as_a_global_variable_to_be_used_for_other_calls(String string) {
    // Write code here that turns the phrase above into concrete actions
    throw new io.cucumber.java.PendingException();
}


This feature covers all the API related scenarios.Get the newly created employee  Time elapsed: 4.7 s  <<< ERROR!
io.cucumber.junit.UndefinedStepException: 
The step "a JWT is generated" is undefined. You can implement it using the snippet(s) below:

@Given("a JWT is generated")
public void a_jwt_is_generated() {
    // Write code here that turns the phrase above into concrete actions
    throw new io.cucumber.java.PendingException();
}


Some other steps were also undefined:

@Given("a request is prepared to get the employee")
public void a_request_is_prepared_to_get_the_employee() {
    // Write code here that turns the phrase above into concrete actions
    throw new io.cucumber.java.PendingException();
}
@When("a GET call is made to retrieve the created employee")
public void a_get_call_is_made_to_retrieve_the_created_employee() {
    // Write code here that turns the phrase above into concrete actions
    throw new io.cucumber.java.PendingException();
}
@Then("the status code for the get the created employee is {int}")
public void the_status_code_for_the_get_the_created_employee_is(Integer int1) {
    // Write code here that turns the phrase above into concrete actions
    throw new io.cucumber.java.PendingException();
}
@Then("the employee we are getting having ID {string} must match with the globally stored employee id")
public void the_employee_we_are_getting_having_id_must_match_with_the_globally_stored_employee_id(String string) {
    // Write code here that turns the phrase above into concrete actions
    throw new io.cucumber.java.PendingException();
}
@Then("the retrieved data at {string} object matches the data used to create the employee having employee id {string}")
public void the_retrieved_data_at_object_matches_the_data_used_to_create_the_employee_having_employee_id(String string, String string2, io.cucumber.datatable.DataTable dataTable) {
    // Write code here that turns the phrase above into concrete actions
    // For automatic transformation, change DataTable to one of
    // E, List<E>, List<List<E>>, List<Map<K,V>>, Map<K,V> or
    // Map<K, List<V>>. E,K,V must be a String, Integer, Float,
    // Double, Byte, Short, Long, BigInteger or BigDecimal.
    //
    // For other transformations you can register a DataTableType.
    throw new io.cucumber.java.PendingException();
}


